C:\USERS\BURAK\DESKTOP\SENIOR\ITS_QT\ITS.EXE
C:\USERS\BURAK\DESKTOP\SENIOR\ITS_QT\ITS.ILK
C:\USERS\BURAK\DESKTOP\SENIOR\ITS_QT\ITS.PDB
C:\USERS\BURAK\DESKTOP\SENIOR\ITS_QT\ITS\DEBUG\ANALYZER.OBJ
C:\USERS\BURAK\DESKTOP\SENIOR\ITS_QT\ITS\DEBUG\DB.OBJ
C:\USERS\BURAK\DESKTOP\SENIOR\ITS_QT\ITS\DEBUG\DBDISPLAY.OBJ
C:\USERS\BURAK\DESKTOP\SENIOR\ITS_QT\ITS\DEBUG\DISPLAYDB.OBJ
C:\USERS\BURAK\DESKTOP\SENIOR\ITS_QT\ITS\DEBUG\FACE.OBJ
C:\USERS\BURAK\DESKTOP\SENIOR\ITS_QT\ITS\DEBUG\FACEDETECT.OBJ
C:\USERS\BURAK\DESKTOP\SENIOR\ITS_QT\ITS\DEBUG\FACIALFEATURE.OBJ
C:\USERS\BURAK\DESKTOP\SENIOR\ITS_QT\ITS\DEBUG\IMPORTPHOTOS.OBJ
C:\USERS\BURAK\DESKTOP\SENIOR\ITS_QT\ITS\DEBUG\ITS.EXE.INTERMEDIATE.MANIFEST
C:\USERS\BURAK\DESKTOP\SENIOR\ITS_QT\ITS\DEBUG\ITS.OBJ
C:\USERS\BURAK\DESKTOP\SENIOR\ITS_QT\ITS\DEBUG\LABELDIALOG.OBJ
C:\USERS\BURAK\DESKTOP\SENIOR\ITS_QT\ITS\DEBUG\MAIN.OBJ
C:\USERS\BURAK\DESKTOP\SENIOR\ITS_QT\ITS\DEBUG\MDI.OBJ
C:\USERS\BURAK\DESKTOP\SENIOR\ITS_QT\ITS\DEBUG\MDICHILD.OBJ
C:\USERS\BURAK\DESKTOP\SENIOR\ITS_QT\ITS\DEBUG\MDIDS.OBJ
C:\USERS\BURAK\DESKTOP\SENIOR\ITS_QT\ITS\DEBUG\MDIDSCHILD.OBJ
C:\USERS\BURAK\DESKTOP\SENIOR\ITS_QT\ITS\DEBUG\MDIFACE.OBJ
C:\USERS\BURAK\DESKTOP\SENIOR\ITS_QT\ITS\DEBUG\MDIPHOTO.OBJ
C:\USERS\BURAK\DESKTOP\SENIOR\ITS_QT\ITS\DEBUG\MOC_DISPLAYDB.OBJ
C:\USERS\BURAK\DESKTOP\SENIOR\ITS_QT\ITS\DEBUG\MOC_ITS.OBJ
C:\USERS\BURAK\DESKTOP\SENIOR\ITS_QT\ITS\DEBUG\MOC_LABELDIALOG.OBJ
C:\USERS\BURAK\DESKTOP\SENIOR\ITS_QT\ITS\DEBUG\MOC_MDICHILD.OBJ
C:\USERS\BURAK\DESKTOP\SENIOR\ITS_QT\ITS\DEBUG\MOC_MDIFACE.OBJ
C:\USERS\BURAK\DESKTOP\SENIOR\ITS_QT\ITS\DEBUG\MOC_MDIPHOTO.OBJ
C:\USERS\BURAK\DESKTOP\SENIOR\ITS_QT\ITS\DEBUG\PHOTO.OBJ
C:\USERS\BURAK\DESKTOP\SENIOR\ITS_QT\ITS\DEBUG\POPUPDISPLAY.OBJ
C:\USERS\BURAK\DESKTOP\SENIOR\ITS_QT\ITS\DEBUG\QRC_ITS.OBJ
C:\USERS\BURAK\DESKTOP\SENIOR\ITS_QT\ITS\DEBUG\VC100.PDB
C:\USERS\BURAK\DESKTOP\SENIOR\ITS_QT\ITS\GENERATEDFILES\DEBUG\MOC_DISPLAYDB.CPP
C:\USERS\BURAK\DESKTOP\SENIOR\ITS_QT\ITS\GENERATEDFILES\DEBUG\MOC_ITS.CPP
C:\USERS\BURAK\DESKTOP\SENIOR\ITS_QT\ITS\GENERATEDFILES\DEBUG\MOC_LABELDIALOG.CPP
C:\USERS\BURAK\DESKTOP\SENIOR\ITS_QT\ITS\GENERATEDFILES\DEBUG\MOC_MDICHILD.CPP
C:\USERS\BURAK\DESKTOP\SENIOR\ITS_QT\ITS\GENERATEDFILES\DEBUG\MOC_MDIFACE.CPP
C:\USERS\BURAK\DESKTOP\SENIOR\ITS_QT\ITS\GENERATEDFILES\DEBUG\MOC_MDIPHOTO.CPP
C:\USERS\BURAK\DESKTOP\SENIOR\ITS_QT\ITS\GENERATEDFILES\QRC_ITS.CPP
C:\USERS\BURAK\DESKTOP\SENIOR\ITS_QT\ITS\GENERATEDFILES\UI_DBDISPLAY.H
C:\USERS\BURAK\DESKTOP\SENIOR\ITS_QT\ITS\GENERATEDFILES\UI_ITS.H
C:\USERS\BURAK\DESKTOP\SENIOR\ITS_QT\ITS\GENERATEDFILES\UI_LABELDIALOG.H
C:\Users\Burak\Desktop\senior\ITS_QT\ITS.exe
C:\Users\Burak\Desktop\senior\ITS_QT\ITS.ilk
C:\Users\Burak\Desktop\senior\ITS_QT\ITS.pdb
C:\Users\Burak\Desktop\senior\ITS_QT\ITS\Debug\analyzer.obj
C:\Users\Burak\Desktop\senior\ITS_QT\ITS\Debug\cl.command.1.tlog
C:\Users\Burak\Desktop\senior\ITS_QT\ITS\Debug\CL.read.1.tlog
C:\Users\Burak\Desktop\senior\ITS_QT\ITS\Debug\CL.write.1.tlog
C:\Users\Burak\Desktop\senior\ITS_QT\ITS\Debug\custombuild.command.1.tlog
C:\Users\Burak\Desktop\senior\ITS_QT\ITS\Debug\custombuild.read.1.tlog
C:\Users\Burak\Desktop\senior\ITS_QT\ITS\Debug\custombuild.write.1.tlog
C:\Users\Burak\Desktop\senior\ITS_QT\ITS\Debug\db.obj
C:\Users\Burak\Desktop\senior\ITS_QT\ITS\Debug\dbdisplay.obj
C:\Users\Burak\Desktop\senior\ITS_QT\ITS\Debug\displaydb.obj
C:\Users\Burak\Desktop\senior\ITS_QT\ITS\Debug\face.obj
C:\Users\Burak\Desktop\senior\ITS_QT\ITS\Debug\facedetect.obj
C:\Users\Burak\Desktop\senior\ITS_QT\ITS\Debug\facialFeature.obj
C:\Users\Burak\Desktop\senior\ITS_QT\ITS\Debug\ITS.exe.intermediate.manifest
C:\Users\Burak\Desktop\senior\ITS_QT\ITS\Debug\importPhotos.obj
C:\Users\Burak\Desktop\senior\ITS_QT\ITS\Debug\its.obj
C:\Users\Burak\Desktop\senior\ITS_QT\ITS\Debug\labelDialog.obj
C:\Users\Burak\Desktop\senior\ITS_QT\ITS\Debug\link.command.1.tlog
C:\Users\Burak\Desktop\senior\ITS_QT\ITS\Debug\link.read.1.tlog
C:\Users\Burak\Desktop\senior\ITS_QT\ITS\Debug\link.write.1.tlog
C:\Users\Burak\Desktop\senior\ITS_QT\ITS\Debug\main.obj
C:\Users\Burak\Desktop\senior\ITS_QT\ITS\Debug\mdi.obj
C:\Users\Burak\Desktop\senior\ITS_QT\ITS\Debug\mdiChild.obj
C:\Users\Burak\Desktop\senior\ITS_QT\ITS\Debug\mdiDS.obj
C:\Users\Burak\Desktop\senior\ITS_QT\ITS\Debug\mdiDSChild.obj
C:\Users\Burak\Desktop\senior\ITS_QT\ITS\Debug\mdiFace.obj
C:\Users\Burak\Desktop\senior\ITS_QT\ITS\Debug\mdiPhoto.obj
C:\Users\Burak\Desktop\senior\ITS_QT\ITS\Debug\moc_displaydb.obj
C:\Users\Burak\Desktop\senior\ITS_QT\ITS\Debug\moc_its.obj
C:\Users\Burak\Desktop\senior\ITS_QT\ITS\Debug\moc_labelDialog.obj
C:\Users\Burak\Desktop\senior\ITS_QT\ITS\Debug\moc_mdiChild.obj
C:\Users\Burak\Desktop\senior\ITS_QT\ITS\Debug\moc_mdiFace.obj
C:\Users\Burak\Desktop\senior\ITS_QT\ITS\Debug\moc_mdiPhoto.obj
C:\Users\Burak\Desktop\senior\ITS_QT\ITS\Debug\mt.command.1.tlog
C:\Users\Burak\Desktop\senior\ITS_QT\ITS\Debug\mt.read.1.tlog
C:\Users\Burak\Desktop\senior\ITS_QT\ITS\Debug\mt.write.1.tlog
C:\Users\Burak\Desktop\senior\ITS_QT\ITS\Debug\photo.obj
C:\Users\Burak\Desktop\senior\ITS_QT\ITS\Debug\popupDisplay.obj
C:\Users\Burak\Desktop\senior\ITS_QT\ITS\Debug\qrc_its.obj
C:\Users\Burak\Desktop\senior\ITS_QT\ITS\Debug\vc100.pdb
C:\USERS\SERCAN\DESKTOP\SENIORPROJ\ITS_QT\IMAGETRACKINGSYSTEM\ITS_QT\ITS.EXE
C:\USERS\SERCAN\DESKTOP\SENIORPROJ\ITS_QT\IMAGETRACKINGSYSTEM\ITS_QT\ITS.ILK
C:\USERS\SERCAN\DESKTOP\SENIORPROJ\ITS_QT\IMAGETRACKINGSYSTEM\ITS_QT\ITS.PDB
C:\USERS\SERCAN\DESKTOP\SENIORPROJ\ITS_QT\IMAGETRACKINGSYSTEM\ITS_QT\ITS\DEBUG\ANALYZER.OBJ
C:\USERS\SERCAN\DESKTOP\SENIORPROJ\ITS_QT\IMAGETRACKINGSYSTEM\ITS_QT\ITS\DEBUG\FACE.OBJ
C:\USERS\SERCAN\DESKTOP\SENIORPROJ\ITS_QT\IMAGETRACKINGSYSTEM\ITS_QT\ITS\DEBUG\FACEDETECT.OBJ
C:\USERS\SERCAN\DESKTOP\SENIORPROJ\ITS_QT\IMAGETRACKINGSYSTEM\ITS_QT\ITS\DEBUG\FACIALFEATURE.OBJ
C:\USERS\SERCAN\DESKTOP\SENIORPROJ\ITS_QT\IMAGETRACKINGSYSTEM\ITS_QT\ITS\DEBUG\IMPORTPHOTOS.OBJ
C:\USERS\SERCAN\DESKTOP\SENIORPROJ\ITS_QT\IMAGETRACKINGSYSTEM\ITS_QT\ITS\DEBUG\ITS.EXE.INTERMEDIATE.MANIFEST
C:\USERS\SERCAN\DESKTOP\SENIORPROJ\ITS_QT\IMAGETRACKINGSYSTEM\ITS_QT\ITS\DEBUG\ITS.OBJ
C:\USERS\SERCAN\DESKTOP\SENIORPROJ\ITS_QT\IMAGETRACKINGSYSTEM\ITS_QT\ITS\DEBUG\MAIN.OBJ
C:\USERS\SERCAN\DESKTOP\SENIORPROJ\ITS_QT\IMAGETRACKINGSYSTEM\ITS_QT\ITS\DEBUG\MDI.OBJ
C:\USERS\SERCAN\DESKTOP\SENIORPROJ\ITS_QT\IMAGETRACKINGSYSTEM\ITS_QT\ITS\DEBUG\MDICHILD.OBJ
C:\USERS\SERCAN\DESKTOP\SENIORPROJ\ITS_QT\IMAGETRACKINGSYSTEM\ITS_QT\ITS\DEBUG\MOC_ITS.OBJ
C:\USERS\SERCAN\DESKTOP\SENIORPROJ\ITS_QT\IMAGETRACKINGSYSTEM\ITS_QT\ITS\DEBUG\MOC_MDICHILD.OBJ
C:\USERS\SERCAN\DESKTOP\SENIORPROJ\ITS_QT\IMAGETRACKINGSYSTEM\ITS_QT\ITS\DEBUG\PHOTO.OBJ
C:\USERS\SERCAN\DESKTOP\SENIORPROJ\ITS_QT\IMAGETRACKINGSYSTEM\ITS_QT\ITS\DEBUG\POPUPDISPLAY.OBJ
C:\USERS\SERCAN\DESKTOP\SENIORPROJ\ITS_QT\IMAGETRACKINGSYSTEM\ITS_QT\ITS\DEBUG\QRC_ITS.OBJ
C:\USERS\SERCAN\DESKTOP\SENIORPROJ\ITS_QT\IMAGETRACKINGSYSTEM\ITS_QT\ITS\DEBUG\VC100.PDB
C:\USERS\SERCAN\DESKTOP\SENIORPROJ\ITS_QT\IMAGETRACKINGSYSTEM\ITS_QT\ITS\GENERATEDFILES\DEBUG\MOC_ITS.CPP
C:\USERS\SERCAN\DESKTOP\SENIORPROJ\ITS_QT\IMAGETRACKINGSYSTEM\ITS_QT\ITS\GENERATEDFILES\DEBUG\MOC_MDICHILD.CPP
C:\USERS\SERCAN\DESKTOP\SENIORPROJ\ITS_QT\IMAGETRACKINGSYSTEM\ITS_QT\ITS\GENERATEDFILES\QRC_ITS.CPP
C:\USERS\SERCAN\DESKTOP\SENIORPROJ\ITS_QT\IMAGETRACKINGSYSTEM\ITS_QT\ITS\GENERATEDFILES\UI_ITS.H
C:\USERS\SERCAN\DESKTOP\SENIORPROJ\ITS_QT\ITS\ITS.EXE
C:\USERS\SERCAN\DESKTOP\SENIORPROJ\ITS_QT\ITS\ITS.ILK
C:\USERS\SERCAN\DESKTOP\SENIORPROJ\ITS_QT\ITS\ITS.PDB
C:\USERS\SERCAN\DESKTOP\SENIORPROJ\ITS_QT\ITS\ITS\DEBUG\ANALYZER.OBJ
C:\USERS\SERCAN\DESKTOP\SENIORPROJ\ITS_QT\ITS\ITS\DEBUG\FACE.OBJ
C:\USERS\SERCAN\DESKTOP\SENIORPROJ\ITS_QT\ITS\ITS\DEBUG\FACEDETECT.OBJ
C:\USERS\SERCAN\DESKTOP\SENIORPROJ\ITS_QT\ITS\ITS\DEBUG\FACIALFEATURE.OBJ
C:\USERS\SERCAN\DESKTOP\SENIORPROJ\ITS_QT\ITS\ITS\DEBUG\IMPORTPHOTOS.OBJ
C:\USERS\SERCAN\DESKTOP\SENIORPROJ\ITS_QT\ITS\ITS\DEBUG\ITS.EXE.INTERMEDIATE.MANIFEST
C:\USERS\SERCAN\DESKTOP\SENIORPROJ\ITS_QT\ITS\ITS\DEBUG\ITS.OBJ
C:\USERS\SERCAN\DESKTOP\SENIORPROJ\ITS_QT\ITS\ITS\DEBUG\MAIN.OBJ
C:\USERS\SERCAN\DESKTOP\SENIORPROJ\ITS_QT\ITS\ITS\DEBUG\MDI.OBJ
C:\USERS\SERCAN\DESKTOP\SENIORPROJ\ITS_QT\ITS\ITS\DEBUG\MDICHILD.OBJ
C:\USERS\SERCAN\DESKTOP\SENIORPROJ\ITS_QT\ITS\ITS\DEBUG\MOC_ITS.OBJ
C:\USERS\SERCAN\DESKTOP\SENIORPROJ\ITS_QT\ITS\ITS\DEBUG\MOC_MDICHILD.OBJ
C:\USERS\SERCAN\DESKTOP\SENIORPROJ\ITS_QT\ITS\ITS\DEBUG\PHOTO.OBJ
C:\USERS\SERCAN\DESKTOP\SENIORPROJ\ITS_QT\ITS\ITS\DEBUG\POPUPDISPLAY.OBJ
C:\USERS\SERCAN\DESKTOP\SENIORPROJ\ITS_QT\ITS\ITS\DEBUG\QRC_ITS.OBJ
C:\USERS\SERCAN\DESKTOP\SENIORPROJ\ITS_QT\ITS\ITS\DEBUG\VC100.PDB
C:\USERS\SERCAN\DESKTOP\SENIORPROJ\ITS_QT\ITS\ITS\GENERATEDFILES\DEBUG\MOC_ITS.CPP
C:\USERS\SERCAN\DESKTOP\SENIORPROJ\ITS_QT\ITS\ITS\GENERATEDFILES\DEBUG\MOC_MDICHILD.CPP
C:\USERS\SERCAN\DESKTOP\SENIORPROJ\ITS_QT\ITS\ITS\GENERATEDFILES\QRC_ITS.CPP
C:\USERS\SERCAN\DESKTOP\SENIORPROJ\ITS_QT\ITS\ITS\GENERATEDFILES\UI_ITS.H
