  Moc'ing its.h...
  Uic'ing its.ui...
  Moc'ing labelDialog.h...
  Moc'ing mdiFace.h...
  Moc'ing mdiPhoto.h...
  Moc'ing mdiChild.h...
  Rcc'ing its.qrc...
RCC : warning : No resources in 'D:\Senior Project\ITS_QT\ITS\its.qrc'.
  
  Uic'ing labelDialog.ui...
  analyzer.cpp
  face.cpp
  facedetect.cpp
  facialFeature.cpp
  moc_its.cpp
d:\senior project\its_qt\its\db.h(5): fatal error C1083: Cannot open include file: 'QSqlDatabase': No such file or directory
  moc_labelDialog.cpp
  moc_mdiChild.cpp
  moc_mdiFace.cpp
  moc_mdiPhoto.cpp
  importPhotos.cpp
  its.cpp
d:\senior project\its_qt\its\db.h(5): fatal error C1083: Cannot open include file: 'QSqlDatabase': No such file or directory
  labelDialog.cpp
  main.cpp
d:\senior project\its_qt\its\db.h(5): fatal error C1083: Cannot open include file: 'QSqlDatabase': No such file or directory
  mdi.cpp
  mdiChild.cpp
  mdiDS.cpp
  mdiDSChild.cpp
  mdiFace.cpp
  mdiPhoto.cpp
  photo.cpp
  Generating Code...
d:\senior project\its_qt\its\facedetect.cpp(174): warning C4715: 'facedetect::getHaarFileName' : not all control paths return a value
  Compiling...
  popupDisplay.cpp
popupDisplay.cpp(6): warning C4482: nonstandard extension used: enum 'Qt::WindowState' used in qualified name
  Generating Code...
