C:\USERS\SERCAN\DESKTOP\SENIORPROJ\ITS_QT\ITS\ITS.EXE
C:\USERS\SERCAN\DESKTOP\SENIORPROJ\ITS_QT\ITS\ITS.ILK
C:\USERS\SERCAN\DESKTOP\SENIORPROJ\ITS_QT\ITS\ITS.PDB
C:\USERS\SERCAN\DESKTOP\SENIORPROJ\ITS_QT\ITS\ITS\DEBUG\ANALYZER.OBJ
C:\USERS\SERCAN\DESKTOP\SENIORPROJ\ITS_QT\ITS\ITS\DEBUG\FACE.OBJ
C:\USERS\SERCAN\DESKTOP\SENIORPROJ\ITS_QT\ITS\ITS\DEBUG\FACEDETECT.OBJ
C:\USERS\SERCAN\DESKTOP\SENIORPROJ\ITS_QT\ITS\ITS\DEBUG\FACIALFEATURE.OBJ
C:\USERS\SERCAN\DESKTOP\SENIORPROJ\ITS_QT\ITS\ITS\DEBUG\ITS.EXE.INTERMEDIATE.MANIFEST
C:\USERS\SERCAN\DESKTOP\SENIORPROJ\ITS_QT\ITS\ITS\DEBUG\ITS.OBJ
C:\USERS\SERCAN\DESKTOP\SENIORPROJ\ITS_QT\ITS\ITS\DEBUG\MAIN.OBJ
C:\USERS\SERCAN\DESKTOP\SENIORPROJ\ITS_QT\ITS\ITS\DEBUG\MDI.OBJ
C:\USERS\SERCAN\DESKTOP\SENIORPROJ\ITS_QT\ITS\ITS\DEBUG\MDICHILD.OBJ
C:\USERS\SERCAN\DESKTOP\SENIORPROJ\ITS_QT\ITS\ITS\DEBUG\MOC_ITS.OBJ
C:\USERS\SERCAN\DESKTOP\SENIORPROJ\ITS_QT\ITS\ITS\DEBUG\MOC_MDICHILD.OBJ
C:\USERS\SERCAN\DESKTOP\SENIORPROJ\ITS_QT\ITS\ITS\DEBUG\POPUPDISPLAY.OBJ
C:\USERS\SERCAN\DESKTOP\SENIORPROJ\ITS_QT\ITS\ITS\DEBUG\QRC_ITS.OBJ
C:\USERS\SERCAN\DESKTOP\SENIORPROJ\ITS_QT\ITS\ITS\DEBUG\VC100.PDB
C:\USERS\SERCAN\DESKTOP\SENIORPROJ\ITS_QT\ITS\ITS\GENERATEDFILES\DEBUG\MOC_ITS.CPP
C:\USERS\SERCAN\DESKTOP\SENIORPROJ\ITS_QT\ITS\ITS\GENERATEDFILES\DEBUG\MOC_MDICHILD.CPP
C:\USERS\SERCAN\DESKTOP\SENIORPROJ\ITS_QT\ITS\ITS\GENERATEDFILES\QRC_ITS.CPP
C:\USERS\SERCAN\DESKTOP\SENIORPROJ\ITS_QT\ITS\ITS\GENERATEDFILES\UI_ITS.H
C:\Users\sercan\Desktop\seniorProj\ITS_QT\ITS\ITS.exe
C:\Users\sercan\Desktop\seniorProj\ITS_QT\ITS\ITS.ilk
C:\Users\sercan\Desktop\seniorProj\ITS_QT\ITS\ITS.pdb
C:\Users\sercan\Desktop\seniorProj\ITS_QT\ITS\ITS\Debug\analyzer.obj
C:\Users\sercan\Desktop\seniorProj\ITS_QT\ITS\ITS\Debug\cl.command.1.tlog
C:\Users\sercan\Desktop\seniorProj\ITS_QT\ITS\ITS\Debug\CL.read.1.tlog
C:\Users\sercan\Desktop\seniorProj\ITS_QT\ITS\ITS\Debug\CL.write.1.tlog
C:\Users\sercan\Desktop\seniorProj\ITS_QT\ITS\ITS\Debug\custombuild.command.1.tlog
C:\Users\sercan\Desktop\seniorProj\ITS_QT\ITS\ITS\Debug\custombuild.read.1.tlog
C:\Users\sercan\Desktop\seniorProj\ITS_QT\ITS\ITS\Debug\custombuild.write.1.tlog
C:\Users\sercan\Desktop\seniorProj\ITS_QT\ITS\ITS\Debug\face.obj
C:\Users\sercan\Desktop\seniorProj\ITS_QT\ITS\ITS\Debug\facedetect.obj
C:\Users\sercan\Desktop\seniorProj\ITS_QT\ITS\ITS\Debug\facialFeature.obj
C:\Users\sercan\Desktop\seniorProj\ITS_QT\ITS\ITS\Debug\ITS.exe.intermediate.manifest
C:\Users\sercan\Desktop\seniorProj\ITS_QT\ITS\ITS\Debug\its.obj
C:\Users\sercan\Desktop\seniorProj\ITS_QT\ITS\ITS\Debug\link.command.1.tlog
C:\Users\sercan\Desktop\seniorProj\ITS_QT\ITS\ITS\Debug\link.read.1.tlog
C:\Users\sercan\Desktop\seniorProj\ITS_QT\ITS\ITS\Debug\link.write.1.tlog
C:\Users\sercan\Desktop\seniorProj\ITS_QT\ITS\ITS\Debug\main.obj
C:\Users\sercan\Desktop\seniorProj\ITS_QT\ITS\ITS\Debug\mdi.obj
C:\Users\sercan\Desktop\seniorProj\ITS_QT\ITS\ITS\Debug\mdiChild.obj
C:\Users\sercan\Desktop\seniorProj\ITS_QT\ITS\ITS\Debug\moc_its.obj
C:\Users\sercan\Desktop\seniorProj\ITS_QT\ITS\ITS\Debug\moc_mdiChild.obj
C:\Users\sercan\Desktop\seniorProj\ITS_QT\ITS\ITS\Debug\mt.command.1.tlog
C:\Users\sercan\Desktop\seniorProj\ITS_QT\ITS\ITS\Debug\mt.read.1.tlog
C:\Users\sercan\Desktop\seniorProj\ITS_QT\ITS\ITS\Debug\mt.write.1.tlog
C:\Users\sercan\Desktop\seniorProj\ITS_QT\ITS\ITS\Debug\popupDisplay.obj
C:\Users\sercan\Desktop\seniorProj\ITS_QT\ITS\ITS\Debug\qrc_its.obj
C:\Users\sercan\Desktop\seniorProj\ITS_QT\ITS\ITS\Debug\vc100.pdb
