Build started 07.01.2012 00:19:30.
     1>Project "C:\Users\sercan\Desktop\seniorProj\senior\ImageTrackingSystem\ITS\ITS.vcxproj" on node 2 (build target(s)).
     1>InitializeBuildStatus:
         Touching "Debug\ITS.unsuccessfulbuild".
       GenerateTargetFrameworkMonikerAttribute:
       Skipping target "GenerateTargetFrameworkMonikerAttribute" because all output files are up-to-date with respect to the input files.
       ClCompile:
         All outputs are up-to-date.
         All outputs are up-to-date.
         All outputs are up-to-date.
       ResourceCompile:
         All outputs are up-to-date.
       Link:
         c:\Program Files (x86)\Microsoft Visual Studio 10.0\VC\bin\link.exe /ERRORREPORT:PROMPT /OUT:"C:\Users\sercan\Desktop\seniorProj\senior\ImageTrackingSystem\Debug\ITS.dll" /INCREMENTAL /NOLOGO "C:\Users\sercan\Desktop\seniorProj\senior\ImageTrackingSystem\ITS\\lib\opencv_core231d.lib" "C:\Users\sercan\Desktop\seniorProj\senior\ImageTrackingSystem\ITS\\lib\opencv_highgui231d.lib" "C:\Users\sercan\Desktop\seniorProj\senior\ImageTrackingSystem\ITS\\lib\opencv_video231d.lib" "C:\Users\sercan\Desktop\seniorProj\senior\ImageTrackingSystem\ITS\\lib\opencv_ml231d.lib" "C:\Users\sercan\Desktop\seniorProj\senior\ImageTrackingSystem\ITS\\lib\opencv_legacy231d.lib" "C:\Users\sercan\Desktop\seniorProj\senior\ImageTrackingSystem\ITS\\lib\opencv_objdetect231d.lib" "C:\Users\sercan\Desktop\seniorProj\senior\ImageTrackingSystem\ITS\\lib\opencv_objdetect220d.lib" "C:\Users\sercan\Desktop\seniorProj\senior\ImageTrackingSystem\ITS\\lib\opencv_imgproc231d.lib" kernel32.lib user32.lib gdi32.lib winspool.lib comdlg32.lib advapi32.lib shell32.lib ole32.lib oleaut32.lib uuid.lib odbc32.lib odbccp32.lib /MANIFEST /ManifestFile:"Debug\ITS.dll.intermediate.manifest" /MANIFESTUAC:"level='asInvoker' uiAccess='false'" /DEBUG /PDB:"C:\Users\sercan\Desktop\seniorProj\senior\ImageTrackingSystem\Debug\ITS.pdb" /ASSEMBLYDEBUG /TLBID:1 /DYNAMICBASE /FIXED:NO /NXCOMPAT /MACHINE:X86 /DLL Debug\app.res
         "Debug\AssemblyInfo.obj"
         "Debug\ITS.obj"
         Debug\Stdafx.obj
         "Debug\.NETFramework,Version=v4.0.AssemblyAttributes.obj"
         ITS.vcxproj -> C:\Users\sercan\Desktop\seniorProj\senior\ImageTrackingSystem\Debug\ITS.dll
       Manifest:
         C:\Program Files (x86)\Microsoft SDKs\Windows\v7.0A\bin\mt.exe /nologo /verbose /outputresource:"C:\Users\sercan\Desktop\seniorProj\senior\ImageTrackingSystem\Debug\ITS.dll;#2" /manifest "Debug\ITS.dll.intermediate.manifest"
       FinalizeBuildStatus:
         Deleting file "Debug\ITS.unsuccessfulbuild".
         Touching "Debug\ITS.lastbuildstate".
     1>Done Building Project "C:\Users\sercan\Desktop\seniorProj\senior\ImageTrackingSystem\ITS\ITS.vcxproj" (build target(s)).

Build succeeded.

Time Elapsed 00:00:01.02
