C:\USERS\SERCAN\DESKTOP\DENE\IMAGETRACKINGSYSTEM\IMAGETRACKINGSYSTEM\DEBUG\ITS.DLL
C:\USERS\SERCAN\DESKTOP\DENE\IMAGETRACKINGSYSTEM\IMAGETRACKINGSYSTEM\DEBUG\ITS.ILK
C:\USERS\SERCAN\DESKTOP\DENE\IMAGETRACKINGSYSTEM\IMAGETRACKINGSYSTEM\DEBUG\ITS.PDB
C:\USERS\SERCAN\DESKTOP\DENE\IMAGETRACKINGSYSTEM\IMAGETRACKINGSYSTEM\ITS\DEBUG\APP.RES
C:\USERS\SERCAN\DESKTOP\DENE\IMAGETRACKINGSYSTEM\IMAGETRACKINGSYSTEM\ITS\DEBUG\ASSEMBLYINFO.OBJ
C:\USERS\SERCAN\DESKTOP\DENE\IMAGETRACKINGSYSTEM\IMAGETRACKINGSYSTEM\ITS\DEBUG\ITS.DLL.INTERMEDIATE.MANIFEST
C:\USERS\SERCAN\DESKTOP\DENE\IMAGETRACKINGSYSTEM\IMAGETRACKINGSYSTEM\ITS\DEBUG\ITS.OBJ
C:\USERS\SERCAN\DESKTOP\DENE\IMAGETRACKINGSYSTEM\IMAGETRACKINGSYSTEM\ITS\DEBUG\ITS.PCH
C:\USERS\SERCAN\DESKTOP\DENE\IMAGETRACKINGSYSTEM\IMAGETRACKINGSYSTEM\ITS\DEBUG\METAGEN.WRITE.1.TLOG
C:\USERS\SERCAN\DESKTOP\DENE\IMAGETRACKINGSYSTEM\IMAGETRACKINGSYSTEM\ITS\DEBUG\STDAFX.OBJ
C:\USERS\SERCAN\DESKTOP\DENE\IMAGETRACKINGSYSTEM\IMAGETRACKINGSYSTEM\ITS\DEBUG\VC100.PDB
C:\Users\sercan\Desktop\dene\imagetrackingsystem\ImageTrackingSystem\Debug\ITS.dll
C:\Users\sercan\Desktop\dene\imagetrackingsystem\ImageTrackingSystem\Debug\ITS.ilk
C:\Users\sercan\Desktop\dene\imagetrackingsystem\ImageTrackingSystem\Debug\ITS.pdb
C:\Users\sercan\Desktop\dene\imagetrackingsystem\ImageTrackingSystem\ITS\Debug\.NETFramework,Version=v4.0.AssemblyAttributes.obj
C:\Users\sercan\Desktop\dene\imagetrackingsystem\ImageTrackingSystem\ITS\Debug\app.res
C:\Users\sercan\Desktop\dene\imagetrackingsystem\ImageTrackingSystem\ITS\Debug\AssemblyInfo.obj
C:\Users\sercan\Desktop\dene\imagetrackingsystem\ImageTrackingSystem\ITS\Debug\cl.command.1.tlog
C:\Users\sercan\Desktop\dene\imagetrackingsystem\ImageTrackingSystem\ITS\Debug\CL.read.1.tlog
C:\Users\sercan\Desktop\dene\imagetrackingsystem\ImageTrackingSystem\ITS\Debug\CL.write.1.tlog
C:\Users\sercan\Desktop\dene\imagetrackingsystem\ImageTrackingSystem\ITS\Debug\CLR.DLL.bi
C:\Users\sercan\Desktop\dene\imagetrackingsystem\ImageTrackingSystem\ITS\Debug\CLUI.DLL.bi
C:\Users\sercan\Desktop\dene\imagetrackingsystem\ImageTrackingSystem\ITS\Debug\ITS.dll.intermediate.manifest
C:\Users\sercan\Desktop\dene\imagetrackingsystem\ImageTrackingSystem\ITS\Debug\ITS.obj
C:\Users\sercan\Desktop\dene\imagetrackingsystem\ImageTrackingSystem\ITS\Debug\ITS.pch
C:\Users\sercan\Desktop\dene\imagetrackingsystem\ImageTrackingSystem\ITS\Debug\ITS.write.1.tlog
C:\Users\sercan\Desktop\dene\imagetrackingsystem\ImageTrackingSystem\ITS\Debug\link.1116.read.1.tlog
C:\Users\sercan\Desktop\dene\imagetrackingsystem\ImageTrackingSystem\ITS\Debug\link.1116.write.1.tlog
C:\Users\sercan\Desktop\dene\imagetrackingsystem\ImageTrackingSystem\ITS\Debug\link.1116-cvtres.read.1.tlog
C:\Users\sercan\Desktop\dene\imagetrackingsystem\ImageTrackingSystem\ITS\Debug\link.1116-cvtres.write.1.tlog
C:\Users\sercan\Desktop\dene\imagetrackingsystem\ImageTrackingSystem\ITS\Debug\link.1284.read.1.tlog
C:\Users\sercan\Desktop\dene\imagetrackingsystem\ImageTrackingSystem\ITS\Debug\link.1284.write.1.tlog
C:\Users\sercan\Desktop\dene\imagetrackingsystem\ImageTrackingSystem\ITS\Debug\link.1284-cvtres.read.1.tlog
C:\Users\sercan\Desktop\dene\imagetrackingsystem\ImageTrackingSystem\ITS\Debug\link.1284-cvtres.write.1.tlog
C:\Users\sercan\Desktop\dene\imagetrackingsystem\ImageTrackingSystem\ITS\Debug\link.1788.read.1.tlog
C:\Users\sercan\Desktop\dene\imagetrackingsystem\ImageTrackingSystem\ITS\Debug\link.1788.write.1.tlog
C:\Users\sercan\Desktop\dene\imagetrackingsystem\ImageTrackingSystem\ITS\Debug\link.1788-cvtres.read.1.tlog
C:\Users\sercan\Desktop\dene\imagetrackingsystem\ImageTrackingSystem\ITS\Debug\link.1788-cvtres.write.1.tlog
C:\Users\sercan\Desktop\dene\imagetrackingsystem\ImageTrackingSystem\ITS\Debug\link.2388.read.1.tlog
C:\Users\sercan\Desktop\dene\imagetrackingsystem\ImageTrackingSystem\ITS\Debug\link.2388.write.1.tlog
C:\Users\sercan\Desktop\dene\imagetrackingsystem\ImageTrackingSystem\ITS\Debug\link.2388-cvtres.read.1.tlog
C:\Users\sercan\Desktop\dene\imagetrackingsystem\ImageTrackingSystem\ITS\Debug\link.2388-cvtres.write.1.tlog
C:\Users\sercan\Desktop\dene\imagetrackingsystem\ImageTrackingSystem\ITS\Debug\link.2520.read.1.tlog
C:\Users\sercan\Desktop\dene\imagetrackingsystem\ImageTrackingSystem\ITS\Debug\link.2520.write.1.tlog
C:\Users\sercan\Desktop\dene\imagetrackingsystem\ImageTrackingSystem\ITS\Debug\link.2520-cvtres.read.1.tlog
C:\Users\sercan\Desktop\dene\imagetrackingsystem\ImageTrackingSystem\ITS\Debug\link.2520-cvtres.write.1.tlog
C:\Users\sercan\Desktop\dene\imagetrackingsystem\ImageTrackingSystem\ITS\Debug\link.2584.read.1.tlog
C:\Users\sercan\Desktop\dene\imagetrackingsystem\ImageTrackingSystem\ITS\Debug\link.2584.write.1.tlog
C:\Users\sercan\Desktop\dene\imagetrackingsystem\ImageTrackingSystem\ITS\Debug\link.2584-cvtres.read.1.tlog
C:\Users\sercan\Desktop\dene\imagetrackingsystem\ImageTrackingSystem\ITS\Debug\link.2584-cvtres.write.1.tlog
C:\Users\sercan\Desktop\dene\imagetrackingsystem\ImageTrackingSystem\ITS\Debug\link.3148.read.1.tlog
C:\Users\sercan\Desktop\dene\imagetrackingsystem\ImageTrackingSystem\ITS\Debug\link.3148.write.1.tlog
C:\Users\sercan\Desktop\dene\imagetrackingsystem\ImageTrackingSystem\ITS\Debug\link.3148-cvtres.read.1.tlog
C:\Users\sercan\Desktop\dene\imagetrackingsystem\ImageTrackingSystem\ITS\Debug\link.3148-cvtres.write.1.tlog
C:\Users\sercan\Desktop\dene\imagetrackingsystem\ImageTrackingSystem\ITS\Debug\link.3248.read.1.tlog
C:\Users\sercan\Desktop\dene\imagetrackingsystem\ImageTrackingSystem\ITS\Debug\link.3248.write.1.tlog
C:\Users\sercan\Desktop\dene\imagetrackingsystem\ImageTrackingSystem\ITS\Debug\link.3248-cvtres.read.1.tlog
C:\Users\sercan\Desktop\dene\imagetrackingsystem\ImageTrackingSystem\ITS\Debug\link.3248-cvtres.write.1.tlog
C:\Users\sercan\Desktop\dene\imagetrackingsystem\ImageTrackingSystem\ITS\Debug\link.3280.read.1.tlog
C:\Users\sercan\Desktop\dene\imagetrackingsystem\ImageTrackingSystem\ITS\Debug\link.3280.write.1.tlog
C:\Users\sercan\Desktop\dene\imagetrackingsystem\ImageTrackingSystem\ITS\Debug\link.3280-cvtres.read.1.tlog
C:\Users\sercan\Desktop\dene\imagetrackingsystem\ImageTrackingSystem\ITS\Debug\link.3280-cvtres.write.1.tlog
C:\Users\sercan\Desktop\dene\imagetrackingsystem\ImageTrackingSystem\ITS\Debug\link.3300.read.1.tlog
C:\Users\sercan\Desktop\dene\imagetrackingsystem\ImageTrackingSystem\ITS\Debug\link.3300.write.1.tlog
C:\Users\sercan\Desktop\dene\imagetrackingsystem\ImageTrackingSystem\ITS\Debug\link.3300-cvtres.read.1.tlog
C:\Users\sercan\Desktop\dene\imagetrackingsystem\ImageTrackingSystem\ITS\Debug\link.3300-cvtres.write.1.tlog
C:\Users\sercan\Desktop\dene\imagetrackingsystem\ImageTrackingSystem\ITS\Debug\link.336.read.1.tlog
C:\Users\sercan\Desktop\dene\imagetrackingsystem\ImageTrackingSystem\ITS\Debug\link.336.write.1.tlog
C:\Users\sercan\Desktop\dene\imagetrackingsystem\ImageTrackingSystem\ITS\Debug\link.336-cvtres.read.1.tlog
C:\Users\sercan\Desktop\dene\imagetrackingsystem\ImageTrackingSystem\ITS\Debug\link.336-cvtres.write.1.tlog
C:\Users\sercan\Desktop\dene\imagetrackingsystem\ImageTrackingSystem\ITS\Debug\link.3500.read.1.tlog
C:\Users\sercan\Desktop\dene\imagetrackingsystem\ImageTrackingSystem\ITS\Debug\link.3500.write.1.tlog
C:\Users\sercan\Desktop\dene\imagetrackingsystem\ImageTrackingSystem\ITS\Debug\link.3500-cvtres.read.1.tlog
C:\Users\sercan\Desktop\dene\imagetrackingsystem\ImageTrackingSystem\ITS\Debug\link.3500-cvtres.write.1.tlog
C:\Users\sercan\Desktop\dene\imagetrackingsystem\ImageTrackingSystem\ITS\Debug\link.3600.read.1.tlog
C:\Users\sercan\Desktop\dene\imagetrackingsystem\ImageTrackingSystem\ITS\Debug\link.3600.write.1.tlog
C:\Users\sercan\Desktop\dene\imagetrackingsystem\ImageTrackingSystem\ITS\Debug\link.3600-cvtres.read.1.tlog
C:\Users\sercan\Desktop\dene\imagetrackingsystem\ImageTrackingSystem\ITS\Debug\link.3600-cvtres.write.1.tlog
C:\Users\sercan\Desktop\dene\imagetrackingsystem\ImageTrackingSystem\ITS\Debug\link.3820.read.1.tlog
C:\Users\sercan\Desktop\dene\imagetrackingsystem\ImageTrackingSystem\ITS\Debug\link.3820.write.1.tlog
C:\Users\sercan\Desktop\dene\imagetrackingsystem\ImageTrackingSystem\ITS\Debug\link.3820-cvtres.read.1.tlog
C:\Users\sercan\Desktop\dene\imagetrackingsystem\ImageTrackingSystem\ITS\Debug\link.3820-cvtres.write.1.tlog
C:\Users\sercan\Desktop\dene\imagetrackingsystem\ImageTrackingSystem\ITS\Debug\link.3832.read.1.tlog
C:\Users\sercan\Desktop\dene\imagetrackingsystem\ImageTrackingSystem\ITS\Debug\link.3832.write.1.tlog
C:\Users\sercan\Desktop\dene\imagetrackingsystem\ImageTrackingSystem\ITS\Debug\link.3832-cvtres.read.1.tlog
C:\Users\sercan\Desktop\dene\imagetrackingsystem\ImageTrackingSystem\ITS\Debug\link.3832-cvtres.write.1.tlog
C:\Users\sercan\Desktop\dene\imagetrackingsystem\ImageTrackingSystem\ITS\Debug\link.4248.read.1.tlog
C:\Users\sercan\Desktop\dene\imagetrackingsystem\ImageTrackingSystem\ITS\Debug\link.4248.write.1.tlog
C:\Users\sercan\Desktop\dene\imagetrackingsystem\ImageTrackingSystem\ITS\Debug\link.4248-cvtres.read.1.tlog
C:\Users\sercan\Desktop\dene\imagetrackingsystem\ImageTrackingSystem\ITS\Debug\link.4248-cvtres.write.1.tlog
C:\Users\sercan\Desktop\dene\imagetrackingsystem\ImageTrackingSystem\ITS\Debug\link.4344.read.1.tlog
C:\Users\sercan\Desktop\dene\imagetrackingsystem\ImageTrackingSystem\ITS\Debug\link.4344.write.1.tlog
C:\Users\sercan\Desktop\dene\imagetrackingsystem\ImageTrackingSystem\ITS\Debug\link.4344-cvtres.read.1.tlog
C:\Users\sercan\Desktop\dene\imagetrackingsystem\ImageTrackingSystem\ITS\Debug\link.4344-cvtres.write.1.tlog
C:\Users\sercan\Desktop\dene\imagetrackingsystem\ImageTrackingSystem\ITS\Debug\link.4356.read.1.tlog
C:\Users\sercan\Desktop\dene\imagetrackingsystem\ImageTrackingSystem\ITS\Debug\link.4356.write.1.tlog
C:\Users\sercan\Desktop\dene\imagetrackingsystem\ImageTrackingSystem\ITS\Debug\link.4356-cvtres.read.1.tlog
C:\Users\sercan\Desktop\dene\imagetrackingsystem\ImageTrackingSystem\ITS\Debug\link.4356-cvtres.write.1.tlog
C:\Users\sercan\Desktop\dene\imagetrackingsystem\ImageTrackingSystem\ITS\Debug\link.4528.read.1.tlog
C:\Users\sercan\Desktop\dene\imagetrackingsystem\ImageTrackingSystem\ITS\Debug\link.4528.write.1.tlog
C:\Users\sercan\Desktop\dene\imagetrackingsystem\ImageTrackingSystem\ITS\Debug\link.4528-cvtres.read.1.tlog
C:\Users\sercan\Desktop\dene\imagetrackingsystem\ImageTrackingSystem\ITS\Debug\link.4528-cvtres.write.1.tlog
C:\Users\sercan\Desktop\dene\imagetrackingsystem\ImageTrackingSystem\ITS\Debug\link.4568.read.1.tlog
C:\Users\sercan\Desktop\dene\imagetrackingsystem\ImageTrackingSystem\ITS\Debug\link.4568.write.1.tlog
C:\Users\sercan\Desktop\dene\imagetrackingsystem\ImageTrackingSystem\ITS\Debug\link.4568-cvtres.read.1.tlog
C:\Users\sercan\Desktop\dene\imagetrackingsystem\ImageTrackingSystem\ITS\Debug\link.4568-cvtres.write.1.tlog
C:\Users\sercan\Desktop\dene\imagetrackingsystem\ImageTrackingSystem\ITS\Debug\link.4580.read.1.tlog
C:\Users\sercan\Desktop\dene\imagetrackingsystem\ImageTrackingSystem\ITS\Debug\link.4580.write.1.tlog
C:\Users\sercan\Desktop\dene\imagetrackingsystem\ImageTrackingSystem\ITS\Debug\link.4580-cvtres.read.1.tlog
C:\Users\sercan\Desktop\dene\imagetrackingsystem\ImageTrackingSystem\ITS\Debug\link.4580-cvtres.write.1.tlog
C:\Users\sercan\Desktop\dene\imagetrackingsystem\ImageTrackingSystem\ITS\Debug\link.4636.read.1.tlog
C:\Users\sercan\Desktop\dene\imagetrackingsystem\ImageTrackingSystem\ITS\Debug\link.4636.write.1.tlog
C:\Users\sercan\Desktop\dene\imagetrackingsystem\ImageTrackingSystem\ITS\Debug\link.4636-cvtres.read.1.tlog
C:\Users\sercan\Desktop\dene\imagetrackingsystem\ImageTrackingSystem\ITS\Debug\link.4636-cvtres.write.1.tlog
C:\Users\sercan\Desktop\dene\imagetrackingsystem\ImageTrackingSystem\ITS\Debug\link.4692.read.1.tlog
C:\Users\sercan\Desktop\dene\imagetrackingsystem\ImageTrackingSystem\ITS\Debug\link.4692.write.1.tlog
C:\Users\sercan\Desktop\dene\imagetrackingsystem\ImageTrackingSystem\ITS\Debug\link.4692-cvtres.read.1.tlog
C:\Users\sercan\Desktop\dene\imagetrackingsystem\ImageTrackingSystem\ITS\Debug\link.4692-cvtres.write.1.tlog
C:\Users\sercan\Desktop\dene\imagetrackingsystem\ImageTrackingSystem\ITS\Debug\link.4844.read.1.tlog
C:\Users\sercan\Desktop\dene\imagetrackingsystem\ImageTrackingSystem\ITS\Debug\link.4844.write.1.tlog
C:\Users\sercan\Desktop\dene\imagetrackingsystem\ImageTrackingSystem\ITS\Debug\link.4844-cvtres.read.1.tlog
C:\Users\sercan\Desktop\dene\imagetrackingsystem\ImageTrackingSystem\ITS\Debug\link.4844-cvtres.write.1.tlog
C:\Users\sercan\Desktop\dene\imagetrackingsystem\ImageTrackingSystem\ITS\Debug\link.5060.read.1.tlog
C:\Users\sercan\Desktop\dene\imagetrackingsystem\ImageTrackingSystem\ITS\Debug\link.5060.write.1.tlog
C:\Users\sercan\Desktop\dene\imagetrackingsystem\ImageTrackingSystem\ITS\Debug\link.5060-cvtres.read.1.tlog
C:\Users\sercan\Desktop\dene\imagetrackingsystem\ImageTrackingSystem\ITS\Debug\link.5060-cvtres.write.1.tlog
C:\Users\sercan\Desktop\dene\imagetrackingsystem\ImageTrackingSystem\ITS\Debug\link.5084.read.1.tlog
C:\Users\sercan\Desktop\dene\imagetrackingsystem\ImageTrackingSystem\ITS\Debug\link.5084.write.1.tlog
C:\Users\sercan\Desktop\dene\imagetrackingsystem\ImageTrackingSystem\ITS\Debug\link.5084-cvtres.read.1.tlog
C:\Users\sercan\Desktop\dene\imagetrackingsystem\ImageTrackingSystem\ITS\Debug\link.5084-cvtres.write.1.tlog
C:\Users\sercan\Desktop\dene\imagetrackingsystem\ImageTrackingSystem\ITS\Debug\link.5160.read.1.tlog
C:\Users\sercan\Desktop\dene\imagetrackingsystem\ImageTrackingSystem\ITS\Debug\link.5160.write.1.tlog
C:\Users\sercan\Desktop\dene\imagetrackingsystem\ImageTrackingSystem\ITS\Debug\link.5160-cvtres.read.1.tlog
C:\Users\sercan\Desktop\dene\imagetrackingsystem\ImageTrackingSystem\ITS\Debug\link.5160-cvtres.write.1.tlog
C:\Users\sercan\Desktop\dene\imagetrackingsystem\ImageTrackingSystem\ITS\Debug\link.5216.read.1.tlog
C:\Users\sercan\Desktop\dene\imagetrackingsystem\ImageTrackingSystem\ITS\Debug\link.5216.write.1.tlog
C:\Users\sercan\Desktop\dene\imagetrackingsystem\ImageTrackingSystem\ITS\Debug\link.5216-cvtres.read.1.tlog
C:\Users\sercan\Desktop\dene\imagetrackingsystem\ImageTrackingSystem\ITS\Debug\link.5216-cvtres.write.1.tlog
C:\Users\sercan\Desktop\dene\imagetrackingsystem\ImageTrackingSystem\ITS\Debug\link.5380.read.1.tlog
C:\Users\sercan\Desktop\dene\imagetrackingsystem\ImageTrackingSystem\ITS\Debug\link.5380.write.1.tlog
C:\Users\sercan\Desktop\dene\imagetrackingsystem\ImageTrackingSystem\ITS\Debug\link.5380-cvtres.read.1.tlog
C:\Users\sercan\Desktop\dene\imagetrackingsystem\ImageTrackingSystem\ITS\Debug\link.5380-cvtres.write.1.tlog
C:\Users\sercan\Desktop\dene\imagetrackingsystem\ImageTrackingSystem\ITS\Debug\link.5408.read.1.tlog
C:\Users\sercan\Desktop\dene\imagetrackingsystem\ImageTrackingSystem\ITS\Debug\link.5408.write.1.tlog
C:\Users\sercan\Desktop\dene\imagetrackingsystem\ImageTrackingSystem\ITS\Debug\link.5408-cvtres.read.1.tlog
C:\Users\sercan\Desktop\dene\imagetrackingsystem\ImageTrackingSystem\ITS\Debug\link.5408-cvtres.write.1.tlog
C:\Users\sercan\Desktop\dene\imagetrackingsystem\ImageTrackingSystem\ITS\Debug\link.5540.read.1.tlog
C:\Users\sercan\Desktop\dene\imagetrackingsystem\ImageTrackingSystem\ITS\Debug\link.5540.write.1.tlog
C:\Users\sercan\Desktop\dene\imagetrackingsystem\ImageTrackingSystem\ITS\Debug\link.5540-cvtres.read.1.tlog
C:\Users\sercan\Desktop\dene\imagetrackingsystem\ImageTrackingSystem\ITS\Debug\link.5540-cvtres.write.1.tlog
C:\Users\sercan\Desktop\dene\imagetrackingsystem\ImageTrackingSystem\ITS\Debug\link.5788.read.1.tlog
C:\Users\sercan\Desktop\dene\imagetrackingsystem\ImageTrackingSystem\ITS\Debug\link.5788.write.1.tlog
C:\Users\sercan\Desktop\dene\imagetrackingsystem\ImageTrackingSystem\ITS\Debug\link.5788-cvtres.read.1.tlog
C:\Users\sercan\Desktop\dene\imagetrackingsystem\ImageTrackingSystem\ITS\Debug\link.5788-cvtres.write.1.tlog
C:\Users\sercan\Desktop\dene\imagetrackingsystem\ImageTrackingSystem\ITS\Debug\link.5808.read.1.tlog
C:\Users\sercan\Desktop\dene\imagetrackingsystem\ImageTrackingSystem\ITS\Debug\link.5808.write.1.tlog
C:\Users\sercan\Desktop\dene\imagetrackingsystem\ImageTrackingSystem\ITS\Debug\link.5808-cvtres.read.1.tlog
C:\Users\sercan\Desktop\dene\imagetrackingsystem\ImageTrackingSystem\ITS\Debug\link.5808-cvtres.write.1.tlog
C:\Users\sercan\Desktop\dene\imagetrackingsystem\ImageTrackingSystem\ITS\Debug\link.5884.read.1.tlog
C:\Users\sercan\Desktop\dene\imagetrackingsystem\ImageTrackingSystem\ITS\Debug\link.5884.write.1.tlog
C:\Users\sercan\Desktop\dene\imagetrackingsystem\ImageTrackingSystem\ITS\Debug\link.5884-cvtres.read.1.tlog
C:\Users\sercan\Desktop\dene\imagetrackingsystem\ImageTrackingSystem\ITS\Debug\link.5884-cvtres.write.1.tlog
C:\Users\sercan\Desktop\dene\imagetrackingsystem\ImageTrackingSystem\ITS\Debug\link.5952.read.1.tlog
C:\Users\sercan\Desktop\dene\imagetrackingsystem\ImageTrackingSystem\ITS\Debug\link.5952.write.1.tlog
C:\Users\sercan\Desktop\dene\imagetrackingsystem\ImageTrackingSystem\ITS\Debug\link.5952-cvtres.read.1.tlog
C:\Users\sercan\Desktop\dene\imagetrackingsystem\ImageTrackingSystem\ITS\Debug\link.5952-cvtres.write.1.tlog
C:\Users\sercan\Desktop\dene\imagetrackingsystem\ImageTrackingSystem\ITS\Debug\link.6128.read.1.tlog
C:\Users\sercan\Desktop\dene\imagetrackingsystem\ImageTrackingSystem\ITS\Debug\link.6128.write.1.tlog
C:\Users\sercan\Desktop\dene\imagetrackingsystem\ImageTrackingSystem\ITS\Debug\link.6128-cvtres.read.1.tlog
C:\Users\sercan\Desktop\dene\imagetrackingsystem\ImageTrackingSystem\ITS\Debug\link.6128-cvtres.write.1.tlog
C:\Users\sercan\Desktop\dene\imagetrackingsystem\ImageTrackingSystem\ITS\Debug\link.6180.read.1.tlog
C:\Users\sercan\Desktop\dene\imagetrackingsystem\ImageTrackingSystem\ITS\Debug\link.6180.write.1.tlog
C:\Users\sercan\Desktop\dene\imagetrackingsystem\ImageTrackingSystem\ITS\Debug\link.6180-cvtres.read.1.tlog
C:\Users\sercan\Desktop\dene\imagetrackingsystem\ImageTrackingSystem\ITS\Debug\link.6180-cvtres.write.1.tlog
C:\Users\sercan\Desktop\dene\imagetrackingsystem\ImageTrackingSystem\ITS\Debug\link.6204.read.1.tlog
C:\Users\sercan\Desktop\dene\imagetrackingsystem\ImageTrackingSystem\ITS\Debug\link.6204.write.1.tlog
C:\Users\sercan\Desktop\dene\imagetrackingsystem\ImageTrackingSystem\ITS\Debug\link.6204-cvtres.read.1.tlog
C:\Users\sercan\Desktop\dene\imagetrackingsystem\ImageTrackingSystem\ITS\Debug\link.6204-cvtres.write.1.tlog
C:\Users\sercan\Desktop\dene\imagetrackingsystem\ImageTrackingSystem\ITS\Debug\link.6472.read.1.tlog
C:\Users\sercan\Desktop\dene\imagetrackingsystem\ImageTrackingSystem\ITS\Debug\link.6472.write.1.tlog
C:\Users\sercan\Desktop\dene\imagetrackingsystem\ImageTrackingSystem\ITS\Debug\link.6472-cvtres.read.1.tlog
C:\Users\sercan\Desktop\dene\imagetrackingsystem\ImageTrackingSystem\ITS\Debug\link.6472-cvtres.write.1.tlog
C:\Users\sercan\Desktop\dene\imagetrackingsystem\ImageTrackingSystem\ITS\Debug\link.6480.read.1.tlog
C:\Users\sercan\Desktop\dene\imagetrackingsystem\ImageTrackingSystem\ITS\Debug\link.6480.write.1.tlog
C:\Users\sercan\Desktop\dene\imagetrackingsystem\ImageTrackingSystem\ITS\Debug\link.6480-cvtres.read.1.tlog
C:\Users\sercan\Desktop\dene\imagetrackingsystem\ImageTrackingSystem\ITS\Debug\link.6480-cvtres.write.1.tlog
C:\Users\sercan\Desktop\dene\imagetrackingsystem\ImageTrackingSystem\ITS\Debug\link.6860.read.1.tlog
C:\Users\sercan\Desktop\dene\imagetrackingsystem\ImageTrackingSystem\ITS\Debug\link.6860.write.1.tlog
C:\Users\sercan\Desktop\dene\imagetrackingsystem\ImageTrackingSystem\ITS\Debug\link.6860-cvtres.read.1.tlog
C:\Users\sercan\Desktop\dene\imagetrackingsystem\ImageTrackingSystem\ITS\Debug\link.6860-cvtres.write.1.tlog
C:\Users\sercan\Desktop\dene\imagetrackingsystem\ImageTrackingSystem\ITS\Debug\link.6864.read.1.tlog
C:\Users\sercan\Desktop\dene\imagetrackingsystem\ImageTrackingSystem\ITS\Debug\link.6864.write.1.tlog
C:\Users\sercan\Desktop\dene\imagetrackingsystem\ImageTrackingSystem\ITS\Debug\link.6864-cvtres.read.1.tlog
C:\Users\sercan\Desktop\dene\imagetrackingsystem\ImageTrackingSystem\ITS\Debug\link.6864-cvtres.write.1.tlog
C:\Users\sercan\Desktop\dene\imagetrackingsystem\ImageTrackingSystem\ITS\Debug\link.7176.read.1.tlog
C:\Users\sercan\Desktop\dene\imagetrackingsystem\ImageTrackingSystem\ITS\Debug\link.7176.write.1.tlog
C:\Users\sercan\Desktop\dene\imagetrackingsystem\ImageTrackingSystem\ITS\Debug\link.7176-cvtres.read.1.tlog
C:\Users\sercan\Desktop\dene\imagetrackingsystem\ImageTrackingSystem\ITS\Debug\link.7176-cvtres.write.1.tlog
C:\Users\sercan\Desktop\dene\imagetrackingsystem\ImageTrackingSystem\ITS\Debug\link.7344.read.1.tlog
C:\Users\sercan\Desktop\dene\imagetrackingsystem\ImageTrackingSystem\ITS\Debug\link.7344.write.1.tlog
C:\Users\sercan\Desktop\dene\imagetrackingsystem\ImageTrackingSystem\ITS\Debug\link.7344-cvtres.read.1.tlog
C:\Users\sercan\Desktop\dene\imagetrackingsystem\ImageTrackingSystem\ITS\Debug\link.7344-cvtres.write.1.tlog
C:\Users\sercan\Desktop\dene\imagetrackingsystem\ImageTrackingSystem\ITS\Debug\link.736.read.1.tlog
C:\Users\sercan\Desktop\dene\imagetrackingsystem\ImageTrackingSystem\ITS\Debug\link.736.write.1.tlog
C:\Users\sercan\Desktop\dene\imagetrackingsystem\ImageTrackingSystem\ITS\Debug\link.736-cvtres.read.1.tlog
C:\Users\sercan\Desktop\dene\imagetrackingsystem\ImageTrackingSystem\ITS\Debug\link.736-cvtres.write.1.tlog
C:\Users\sercan\Desktop\dene\imagetrackingsystem\ImageTrackingSystem\ITS\Debug\link.7484.read.1.tlog
C:\Users\sercan\Desktop\dene\imagetrackingsystem\ImageTrackingSystem\ITS\Debug\link.7484.write.1.tlog
C:\Users\sercan\Desktop\dene\imagetrackingsystem\ImageTrackingSystem\ITS\Debug\link.7484-cvtres.read.1.tlog
C:\Users\sercan\Desktop\dene\imagetrackingsystem\ImageTrackingSystem\ITS\Debug\link.7484-cvtres.write.1.tlog
C:\Users\sercan\Desktop\dene\imagetrackingsystem\ImageTrackingSystem\ITS\Debug\link.7748.read.1.tlog
C:\Users\sercan\Desktop\dene\imagetrackingsystem\ImageTrackingSystem\ITS\Debug\link.7748.write.1.tlog
C:\Users\sercan\Desktop\dene\imagetrackingsystem\ImageTrackingSystem\ITS\Debug\link.7748-cvtres.read.1.tlog
C:\Users\sercan\Desktop\dene\imagetrackingsystem\ImageTrackingSystem\ITS\Debug\link.7748-cvtres.write.1.tlog
C:\Users\sercan\Desktop\dene\imagetrackingsystem\ImageTrackingSystem\ITS\Debug\link.7800.read.1.tlog
C:\Users\sercan\Desktop\dene\imagetrackingsystem\ImageTrackingSystem\ITS\Debug\link.7800.write.1.tlog
C:\Users\sercan\Desktop\dene\imagetrackingsystem\ImageTrackingSystem\ITS\Debug\link.7800-cvtres.read.1.tlog
C:\Users\sercan\Desktop\dene\imagetrackingsystem\ImageTrackingSystem\ITS\Debug\link.7800-cvtres.write.1.tlog
C:\Users\sercan\Desktop\dene\imagetrackingsystem\ImageTrackingSystem\ITS\Debug\link.7920.read.1.tlog
C:\Users\sercan\Desktop\dene\imagetrackingsystem\ImageTrackingSystem\ITS\Debug\link.7920.write.1.tlog
C:\Users\sercan\Desktop\dene\imagetrackingsystem\ImageTrackingSystem\ITS\Debug\link.7920-cvtres.read.1.tlog
C:\Users\sercan\Desktop\dene\imagetrackingsystem\ImageTrackingSystem\ITS\Debug\link.7920-cvtres.write.1.tlog
C:\Users\sercan\Desktop\dene\imagetrackingsystem\ImageTrackingSystem\ITS\Debug\link.8024.read.1.tlog
C:\Users\sercan\Desktop\dene\imagetrackingsystem\ImageTrackingSystem\ITS\Debug\link.8024.write.1.tlog
C:\Users\sercan\Desktop\dene\imagetrackingsystem\ImageTrackingSystem\ITS\Debug\link.8024-cvtres.read.1.tlog
C:\Users\sercan\Desktop\dene\imagetrackingsystem\ImageTrackingSystem\ITS\Debug\link.8024-cvtres.write.1.tlog
C:\Users\sercan\Desktop\dene\imagetrackingsystem\ImageTrackingSystem\ITS\Debug\link.8056.read.1.tlog
C:\Users\sercan\Desktop\dene\imagetrackingsystem\ImageTrackingSystem\ITS\Debug\link.8056.write.1.tlog
C:\Users\sercan\Desktop\dene\imagetrackingsystem\ImageTrackingSystem\ITS\Debug\link.8056-cvtres.read.1.tlog
C:\Users\sercan\Desktop\dene\imagetrackingsystem\ImageTrackingSystem\ITS\Debug\link.8056-cvtres.write.1.tlog
C:\Users\sercan\Desktop\dene\imagetrackingsystem\ImageTrackingSystem\ITS\Debug\link.8204.read.1.tlog
C:\Users\sercan\Desktop\dene\imagetrackingsystem\ImageTrackingSystem\ITS\Debug\link.8204.write.1.tlog
C:\Users\sercan\Desktop\dene\imagetrackingsystem\ImageTrackingSystem\ITS\Debug\link.8204-cvtres.read.1.tlog
C:\Users\sercan\Desktop\dene\imagetrackingsystem\ImageTrackingSystem\ITS\Debug\link.8204-cvtres.write.1.tlog
C:\Users\sercan\Desktop\dene\imagetrackingsystem\ImageTrackingSystem\ITS\Debug\link.8404.read.1.tlog
C:\Users\sercan\Desktop\dene\imagetrackingsystem\ImageTrackingSystem\ITS\Debug\link.8404.write.1.tlog
C:\Users\sercan\Desktop\dene\imagetrackingsystem\ImageTrackingSystem\ITS\Debug\link.8404-cvtres.read.1.tlog
C:\Users\sercan\Desktop\dene\imagetrackingsystem\ImageTrackingSystem\ITS\Debug\link.8404-cvtres.write.1.tlog
C:\Users\sercan\Desktop\dene\imagetrackingsystem\ImageTrackingSystem\ITS\Debug\link.8604.read.1.tlog
C:\Users\sercan\Desktop\dene\imagetrackingsystem\ImageTrackingSystem\ITS\Debug\link.8604.write.1.tlog
C:\Users\sercan\Desktop\dene\imagetrackingsystem\ImageTrackingSystem\ITS\Debug\link.8604-cvtres.read.1.tlog
C:\Users\sercan\Desktop\dene\imagetrackingsystem\ImageTrackingSystem\ITS\Debug\link.8604-cvtres.write.1.tlog
C:\Users\sercan\Desktop\dene\imagetrackingsystem\ImageTrackingSystem\ITS\Debug\link.8792.read.1.tlog
C:\Users\sercan\Desktop\dene\imagetrackingsystem\ImageTrackingSystem\ITS\Debug\link.8792.write.1.tlog
C:\Users\sercan\Desktop\dene\imagetrackingsystem\ImageTrackingSystem\ITS\Debug\link.8792-cvtres.read.1.tlog
C:\Users\sercan\Desktop\dene\imagetrackingsystem\ImageTrackingSystem\ITS\Debug\link.8792-cvtres.write.1.tlog
C:\Users\sercan\Desktop\dene\imagetrackingsystem\ImageTrackingSystem\ITS\Debug\link.8828.read.1.tlog
C:\Users\sercan\Desktop\dene\imagetrackingsystem\ImageTrackingSystem\ITS\Debug\link.8828.write.1.tlog
C:\Users\sercan\Desktop\dene\imagetrackingsystem\ImageTrackingSystem\ITS\Debug\link.8828-cvtres.read.1.tlog
C:\Users\sercan\Desktop\dene\imagetrackingsystem\ImageTrackingSystem\ITS\Debug\link.8828-cvtres.write.1.tlog
C:\Users\sercan\Desktop\dene\imagetrackingsystem\ImageTrackingSystem\ITS\Debug\link.900.read.1.tlog
C:\Users\sercan\Desktop\dene\imagetrackingsystem\ImageTrackingSystem\ITS\Debug\link.900.write.1.tlog
C:\Users\sercan\Desktop\dene\imagetrackingsystem\ImageTrackingSystem\ITS\Debug\link.9004.read.1.tlog
C:\Users\sercan\Desktop\dene\imagetrackingsystem\ImageTrackingSystem\ITS\Debug\link.9004.write.1.tlog
C:\Users\sercan\Desktop\dene\imagetrackingsystem\ImageTrackingSystem\ITS\Debug\link.9004-cvtres.read.1.tlog
C:\Users\sercan\Desktop\dene\imagetrackingsystem\ImageTrackingSystem\ITS\Debug\link.9004-cvtres.write.1.tlog
C:\Users\sercan\Desktop\dene\imagetrackingsystem\ImageTrackingSystem\ITS\Debug\link.900-cvtres.read.1.tlog
C:\Users\sercan\Desktop\dene\imagetrackingsystem\ImageTrackingSystem\ITS\Debug\link.900-cvtres.write.1.tlog
C:\Users\sercan\Desktop\dene\imagetrackingsystem\ImageTrackingSystem\ITS\Debug\link.9020.read.1.tlog
C:\Users\sercan\Desktop\dene\imagetrackingsystem\ImageTrackingSystem\ITS\Debug\link.9020.write.1.tlog
C:\Users\sercan\Desktop\dene\imagetrackingsystem\ImageTrackingSystem\ITS\Debug\link.9020-cvtres.read.1.tlog
C:\Users\sercan\Desktop\dene\imagetrackingsystem\ImageTrackingSystem\ITS\Debug\link.9020-cvtres.write.1.tlog
C:\Users\sercan\Desktop\dene\imagetrackingsystem\ImageTrackingSystem\ITS\Debug\link.9164.read.1.tlog
C:\Users\sercan\Desktop\dene\imagetrackingsystem\ImageTrackingSystem\ITS\Debug\link.9164.write.1.tlog
C:\Users\sercan\Desktop\dene\imagetrackingsystem\ImageTrackingSystem\ITS\Debug\link.9164-cvtres.read.1.tlog
C:\Users\sercan\Desktop\dene\imagetrackingsystem\ImageTrackingSystem\ITS\Debug\link.9164-cvtres.write.1.tlog
C:\Users\sercan\Desktop\dene\imagetrackingsystem\ImageTrackingSystem\ITS\Debug\link.command.1.tlog
C:\Users\sercan\Desktop\dene\imagetrackingsystem\ImageTrackingSystem\ITS\Debug\link.read.1.tlog
C:\Users\sercan\Desktop\dene\imagetrackingsystem\ImageTrackingSystem\ITS\Debug\link.write.1.tlog
C:\Users\sercan\Desktop\dene\imagetrackingsystem\ImageTrackingSystem\ITS\Debug\metagen.read.1.tlog
C:\Users\sercan\Desktop\dene\imagetrackingsystem\ImageTrackingSystem\ITS\Debug\metagen.write.1.tlog
C:\Users\sercan\Desktop\dene\imagetrackingsystem\ImageTrackingSystem\ITS\Debug\MICROSOFT.VISUALC.DLL.metagen
C:\Users\sercan\Desktop\dene\imagetrackingsystem\ImageTrackingSystem\ITS\Debug\MSCORLIB.DLL.metagen
C:\Users\sercan\Desktop\dene\imagetrackingsystem\ImageTrackingSystem\ITS\Debug\MSCORWKS.DLL.bi
C:\Users\sercan\Desktop\dene\imagetrackingsystem\ImageTrackingSystem\ITS\Debug\MSPDBSRV.EXE.bi
C:\Users\sercan\Desktop\dene\imagetrackingsystem\ImageTrackingSystem\ITS\Debug\mt.command.1.tlog
C:\Users\sercan\Desktop\dene\imagetrackingsystem\ImageTrackingSystem\ITS\Debug\mt.read.1.tlog
C:\Users\sercan\Desktop\dene\imagetrackingsystem\ImageTrackingSystem\ITS\Debug\mt.write.1.tlog
C:\Users\sercan\Desktop\dene\imagetrackingsystem\ImageTrackingSystem\ITS\Debug\rc.command.1.tlog
C:\Users\sercan\Desktop\dene\imagetrackingsystem\ImageTrackingSystem\ITS\Debug\rc.read.1.tlog
C:\Users\sercan\Desktop\dene\imagetrackingsystem\ImageTrackingSystem\ITS\Debug\rc.write.1.tlog
C:\Users\sercan\Desktop\dene\imagetrackingsystem\ImageTrackingSystem\ITS\Debug\RSAENH.DLL.bi
C:\Users\sercan\Desktop\dene\imagetrackingsystem\ImageTrackingSystem\ITS\Debug\Stdafx.obj
C:\Users\sercan\Desktop\dene\imagetrackingsystem\ImageTrackingSystem\ITS\Debug\SYSTEM.CORE.DLL.metagen
C:\Users\sercan\Desktop\dene\imagetrackingsystem\ImageTrackingSystem\ITS\Debug\SYSTEM.DATA.DLL.metagen
C:\Users\sercan\Desktop\dene\imagetrackingsystem\ImageTrackingSystem\ITS\Debug\SYSTEM.DLL.metagen
C:\Users\sercan\Desktop\dene\imagetrackingsystem\ImageTrackingSystem\ITS\Debug\SYSTEM.XML.DLL.metagen
C:\Users\sercan\Desktop\dene\imagetrackingsystem\ImageTrackingSystem\ITS\Debug\TZRES.DLL.bi
C:\Users\sercan\Desktop\dene\imagetrackingsystem\ImageTrackingSystem\ITS\Debug\vc100.pdb
C:\USERS\SERCAN\DESKTOP\SENIORPROJ\SENIOR\IMAGETRACKINGSYSTEM\DEBUG\ITS.DLL
C:\USERS\SERCAN\DESKTOP\SENIORPROJ\SENIOR\IMAGETRACKINGSYSTEM\DEBUG\ITS.ILK
C:\USERS\SERCAN\DESKTOP\SENIORPROJ\SENIOR\IMAGETRACKINGSYSTEM\DEBUG\ITS.PDB
C:\USERS\SERCAN\DESKTOP\SENIORPROJ\SENIOR\IMAGETRACKINGSYSTEM\ITS\DEBUG\.NETFRAMEWORK,VERSION=V4.0.ASSEMBLYATTRIBUTES.OBJ
C:\USERS\SERCAN\DESKTOP\SENIORPROJ\SENIOR\IMAGETRACKINGSYSTEM\ITS\DEBUG\APP.RES
C:\USERS\SERCAN\DESKTOP\SENIORPROJ\SENIOR\IMAGETRACKINGSYSTEM\ITS\DEBUG\ASSEMBLYINFO.OBJ
C:\USERS\SERCAN\DESKTOP\SENIORPROJ\SENIOR\IMAGETRACKINGSYSTEM\ITS\DEBUG\ITS.DLL.INTERMEDIATE.MANIFEST
C:\USERS\SERCAN\DESKTOP\SENIORPROJ\SENIOR\IMAGETRACKINGSYSTEM\ITS\DEBUG\ITS.OBJ
C:\USERS\SERCAN\DESKTOP\SENIORPROJ\SENIOR\IMAGETRACKINGSYSTEM\ITS\DEBUG\ITS.PCH
C:\USERS\SERCAN\DESKTOP\SENIORPROJ\SENIOR\IMAGETRACKINGSYSTEM\ITS\DEBUG\METAGEN.WRITE.1.TLOG
C:\USERS\SERCAN\DESKTOP\SENIORPROJ\SENIOR\IMAGETRACKINGSYSTEM\ITS\DEBUG\STDAFX.OBJ
C:\USERS\SERCAN\DESKTOP\SENIORPROJ\SENIOR\IMAGETRACKINGSYSTEM\ITS\DEBUG\VC100.PDB
